  Bullet.cpp
C:\Users\student2\Desktop\Year1\GameCreation\Boom\Boom\Boom\Src\GameObject\Bullet\Bullet.cpp(177,27): warning C4305: '引数': 'double' から 'float' へ切り詰めます。
  GameManager.cpp
C:\Users\student2\Desktop\Year1\GameCreation\Boom\Boom\Boom\Src\Manager\GameManager.cpp(119,57): warning C4244: '=': 'int' から 'float' への変換です。データが失われる可能性があります。
C:\Users\student2\Desktop\Year1\GameCreation\Boom\Boom\Boom\Src\Manager\GameManager.cpp(140,24): warning C4244: '引数': 'double' から 'int' への変換です。データが失われる可能性があります。
C:\Users\student2\Desktop\Year1\GameCreation\Boom\Boom\Boom\Src\Manager\GameManager.cpp(145,50): warning C4244: '引数': 'float' から 'int' への変換です。データが失われる可能性があります。
C:\Users\student2\Desktop\Year1\GameCreation\Boom\Boom\Boom\Src\Manager\GameManager.cpp(145,28): warning C4244: '引数': 'float' から 'int' への変換です。データが失われる可能性があります。
C:\Users\student2\Desktop\Year1\GameCreation\Boom\Boom\Boom\Src\Manager\GameManager.cpp(147,50): warning C4244: '引数': 'float' から 'int' への変換です。データが失われる可能性があります。
C:\Users\student2\Desktop\Year1\GameCreation\Boom\Boom\Boom\Src\Manager\GameManager.cpp(147,28): warning C4244: '引数': 'float' から 'int' への変換です。データが失われる可能性があります。
C:\Users\student2\Desktop\Year1\GameCreation\Boom\Boom\Boom\Src\Manager\GameManager.cpp(152,21): warning C4244: '引数': 'float' から 'int' への変換です。データが失われる可能性があります。
C:\Users\student2\Desktop\Year1\GameCreation\Boom\Boom\Boom\Src\Manager\GameManager.cpp(152,13): warning C4244: '引数': 'float' から 'int' への変換です。データが失われる可能性があります。
C:\Users\student2\Desktop\Year1\GameCreation\Boom\Boom\Boom\Src\Manager\GameManager.cpp(155,48): warning C4244: '引数': 'float' から 'int' への変換です。データが失われる可能性があります。
C:\Users\student2\Desktop\Year1\GameCreation\Boom\Boom\Boom\Src\Manager\GameManager.cpp(155,25): warning C4244: '引数': 'float' から 'int' への変換です。データが失われる可能性があります。
C:\Users\student2\Desktop\Year1\GameCreation\Boom\Boom\Boom\Src\Manager\GameManager.cpp(158,66): warning C4244: '引数': 'float' から 'int' への変換です。データが失われる可能性があります。
C:\Users\student2\Desktop\Year1\GameCreation\Boom\Boom\Boom\Src\Manager\GameManager.cpp(158,26): warning C4244: '引数': 'float' から 'int' への変換です。データが失われる可能性があります。
  SceneManager.cpp
  ScoreManager.cpp
C:\Users\student2\Desktop\Year1\GameCreation\Boom\Boom\Boom\Src\Manager\ScoreManager.cpp(139,10): warning C4244: '引数': 'float' から 'int' への変換です。データが失われる可能性があります。
C:\Users\student2\Desktop\Year1\GameCreation\Boom\Boom\Boom\Src\Manager\ScoreManager.cpp(138,10): warning C4244: '引数': 'float' から 'int' への変換です。データが失われる可能性があります。
C:\Users\student2\Desktop\Year1\GameCreation\Boom\Boom\Boom\Src\Manager\ScoreManager.cpp(147,97): warning C4244: '引数': 'double' から 'int' への変換です。データが失われる可能性があります。
C:\Users\student2\Desktop\Year1\GameCreation\Boom\Boom\Boom\Src\Manager\ScoreManager.cpp(186,25): warning C4244: '引数': 'double' から 'int' への変換です。データが失われる可能性があります。
C:\Users\student2\Desktop\Year1\GameCreation\Boom\Boom\Boom\Src\Manager\ScoreManager.cpp(185,99): warning C4244: '引数': 'double' から 'int' への変換です。データが失われる可能性があります。
  GameScene.cpp
  TitleScene.cpp
C:\Users\student2\Desktop\Year1\GameCreation\Boom\Boom\Boom\Src\Scene\TitleScene.cpp(188,18): warning C4244: '引数': 'double' から 'int' への変換です。データが失われる可能性があります。
C:\Users\student2\Desktop\Year1\GameCreation\Boom\Boom\Boom\Src\Scene\TitleScene.cpp(195,18): warning C4244: '引数': 'double' から 'int' への変換です。データが失われる可能性があります。
C:\Users\student2\Desktop\Year1\GameCreation\Boom\Boom\Boom\Src\Scene\TitleScene.cpp(201,18): warning C4244: '引数': 'double' から 'int' への変換です。データが失われる可能性があります。
C:\Users\student2\Desktop\Year1\GameCreation\Boom\Boom\Boom\Src\Scene\TitleScene.cpp(209,17): warning C4244: '引数': 'float' から 'int' への変換です。データが失われる可能性があります。
C:\Users\student2\Desktop\Year1\GameCreation\Boom\Boom\Boom\Src\Scene\TitleScene.cpp(208,93): warning C4244: '引数': 'float' から 'int' への変換です。データが失われる可能性があります。
  main.cpp
  コード生成しています。
  22 of 1191 functions ( 1.8%) were compiled, the rest were copied from previous compilation.
    0 functions were new in current compilation
    3 functions had inline decision re-evaluated but remain unchanged
  コード生成が終了しました。
EffekseerForDXLib_vs2019_x64.lib(EffekseerForDXLib.obj) : warning LNK4099: PDB 'EffekseerForDXLib_vs2019_x64.pdb' が 'EffekseerForDXLib_vs2019_x64.lib(EffekseerForDXLib.obj)' で、または 'C:\Users\student2\Desktop\Year1\GameCreation\Boom\Boom\Boom\x64\Release\EffekseerForDXLib_vs2019_x64.pdb' に見つかりません。デバッグ情報がないものとして、オブジェクトにリンクします。
  Boom!!!.vcxproj -> C:\Users\student2\Desktop\Year1\GameCreation\Boom\Boom\Boom\x64\Release\Boom!!!.exe
